<?xml version="1.0" encoding="UTF-8"?>
<robot generator="Robot 7.2 (Python 3.13.1 on win32)" generated="2026-03-13T01:44:52.300451" rpa="false" schemaversion="5">
<suite id="s1" name="Test Cart" source="c:\Users\Pinheiro\Documents\prog\swag_lab_automation\tests\test_cart.robot">
<test id="s1-t1" name="Validar botão de confirmar carrinho" line="17">
<kw name="Preparar ambiente de teste" owner="browser_util" type="SETUP">
<kw name="Open Browser" owner="SeleniumLibrary">
<msg time="2026-03-13T01:44:52.574378" level="INFO">Opening browser 'chrome' to base url 'https://www.saucedemo.com/'.</msg>
<arg>https://www.saucedemo.com/</arg>
<arg>chrome</arg>
<doc>Opens a new browser instance to the optional ``url``.</doc>
<status status="PASS" start="2026-03-13T01:44:52.574095" elapsed="2.709444"/>
</kw>
<kw name="Maximize Browser Window" owner="SeleniumLibrary">
<doc>Maximizes current browser window.</doc>
<status status="PASS" start="2026-03-13T01:44:55.283876" elapsed="0.033615"/>
</kw>
<kw name="Realizar login" owner="page_login">
<kw name="Input Text" owner="SeleniumLibrary">
<msg time="2026-03-13T01:44:55.318651" level="INFO">Typing text 'standard_user' into text field 'id=user-name'.</msg>
<arg>${campo-usuario}</arg>
<arg>${usuario}</arg>
<doc>Types the given ``text`` into the text field identified by ``locator``.</doc>
<status status="PASS" start="2026-03-13T01:44:55.318260" elapsed="0.084767"/>
</kw>
<kw name="Input Text" owner="SeleniumLibrary">
<msg time="2026-03-13T01:44:55.403779" level="INFO">Typing text 'secret_sauce' into text field 'id=password'.</msg>
<arg>${campo-senha}</arg>
<arg>${senha}</arg>
<doc>Types the given ``text`` into the text field identified by ``locator``.</doc>
<status status="PASS" start="2026-03-13T01:44:55.403403" elapsed="0.070735"/>
</kw>
<kw name="Click Button" owner="SeleniumLibrary">
<msg time="2026-03-13T01:44:55.474700" level="INFO">Clicking button 'id=login-button'.</msg>
<arg>${botao-login}</arg>
<doc>Clicks the button identified by ``locator``.</doc>
<status status="PASS" start="2026-03-13T01:44:55.474422" elapsed="0.081408"/>
</kw>
<arg>${USUARIO}</arg>
<arg>${SENHA}</arg>
<status status="PASS" start="2026-03-13T01:44:55.317846" elapsed="0.238210"/>
</kw>
<status status="PASS" start="2026-03-13T01:44:52.573285" elapsed="2.982902"/>
</kw>
<kw name="Clicar no botao de abrir carrinho" owner="page_navigation">
<kw name="Wait Until Element Is Visible" owner="SeleniumLibrary">
<arg>${botao-carrinho}</arg>
<doc>Waits until the element ``locator`` is visible.</doc>
<status status="PASS" start="2026-03-13T01:44:55.557535" elapsed="0.016992"/>
</kw>
<kw name="Click Element" owner="SeleniumLibrary">
<msg time="2026-03-13T01:44:55.575280" level="INFO">Clicking element 'class=shopping_cart_link'.</msg>
<arg>${botao-carrinho}</arg>
<doc>Click the element identified by ``locator``.</doc>
<status status="PASS" start="2026-03-13T01:44:55.574975" elapsed="0.045881"/>
</kw>
<status status="PASS" start="2026-03-13T01:44:55.556963" elapsed="0.064093"/>
</kw>
<kw name="Clicar no botao de checkout" owner="page_cart">
<kw name="Element Should Be Visible" owner="SeleniumLibrary">
<msg time="2026-03-13T01:44:55.633572" level="INFO">Element 'id=checkout' is displayed.</msg>
<arg>${botao-checkout}</arg>
<doc>Verifies that the element identified by ``locator`` is visible.</doc>
<status status="PASS" start="2026-03-13T01:44:55.621965" elapsed="0.012353"/>
</kw>
<kw name="Click Element" owner="SeleniumLibrary">
<msg time="2026-03-13T01:44:55.634944" level="INFO">Clicking element 'id=checkout'.</msg>
<arg>${botao-checkout}</arg>
<doc>Click the element identified by ``locator``.</doc>
<status status="PASS" start="2026-03-13T01:44:55.634594" elapsed="0.036492"/>
</kw>
<status status="PASS" start="2026-03-13T01:44:55.621564" elapsed="0.049719"/>
</kw>
<kw name="Validar acesso a pagina de checkout:info" owner="page_navigation">
<kw name="Location Should Be" owner="SeleniumLibrary">
<msg time="2026-03-13T01:44:55.675943" level="INFO">Current location is 'https://www.saucedemo.com/checkout-step-one.html'.</msg>
<arg>https://www.saucedemo.com/checkout-step-one.html</arg>
<doc>Verifies that the current URL is exactly ``url``.</doc>
<status status="PASS" start="2026-03-13T01:44:55.672283" elapsed="0.003933"/>
</kw>
<status status="PASS" start="2026-03-13T01:44:55.671787" elapsed="0.004635"/>
</kw>
<kw name="Fechar navegador" owner="browser_util" type="TEARDOWN">
<kw name="Close Browser" owner="SeleniumLibrary">
<doc>Closes the current browser.</doc>
<status status="PASS" start="2026-03-13T01:44:55.677374" elapsed="2.139123"/>
</kw>
<status status="PASS" start="2026-03-13T01:44:55.677008" elapsed="2.139700"/>
</kw>
<status status="PASS" start="2026-03-13T01:44:52.572524" elapsed="5.244547"/>
</test>
<status status="PASS" start="2026-03-13T01:44:52.304394" elapsed="5.513631"/>
</suite>
<statistics>
<total>
<stat pass="1" fail="0" skip="0">All Tests</stat>
</total>
<tag>
</tag>
<suite>
<stat name="Test Cart" id="s1" pass="1" fail="0" skip="0">Test Cart</stat>
</suite>
</statistics>
<errors>
</errors>
</robot>
